<?xml version="1.0" encoding="UTF-8"?>
<!-- Generated by org.testng.reporters.JUnitReportReporter -->
<testsuite hostname="Kuresh" failures="0" tests="1" name="com.testingapi.demo.pojo.Deselialization" time="3.964" errors="0" timestamp="2024-05-14T15:11:10 IST" skipped="0">
  <testcase classname="com.testingapi.demo.pojo.Deselialization" name="TestPojo" time="3.964"/>
</testsuite> <!-- com.testingapi.demo.pojo.Deselialization -->
