<?xml version="1.0" encoding="UTF-8"?>
<!-- Generated by org.testng.reporters.JUnitReportReporter -->
<testsuite hostname="Kuresh" failures="0" tests="1" name="com.testingapi.demo.pojo.SerializationDeselialization" time="3.162" errors="0" timestamp="2024-05-14T01:27:03 IST" skipped="0">
  <testcase classname="com.testingapi.demo.pojo.SerializationDeselialization" name="TestPojo" time="3.162"/>
</testsuite> <!-- com.testingapi.demo.pojo.SerializationDeselialization -->
