<?xml version="1.0" encoding="UTF-8"?>
<!-- Generated by org.testng.reporters.JUnitReportReporter -->
<testsuite hostname="Kuresh" failures="0" tests="1" name="com.testingapi.demo.working.JiraApi" time="2.917" errors="0" timestamp="2024-05-12T17:51:59 IST" skipped="0">
  <testcase classname="com.testingapi.demo.working.JiraApi" name="jiraApilogin" time="2.917"/>
</testsuite> <!-- com.testingapi.demo.working.JiraApi -->
