<?xml version="1.0" encoding="UTF-8"?>
<!-- Generated by org.testng.reporters.JUnitReportReporter -->
<testsuite hostname="Kuresh" failures="0" tests="1" name="com.testingapi.demo.pojo.SerializationDeselialization" time="5.257" errors="0" timestamp="2024-05-14T11:41:14 IST" skipped="0">
  <testcase classname="com.testingapi.demo.pojo.SerializationDeselialization" name="TestPojo" time="5.257"/>
</testsuite> <!-- com.testingapi.demo.pojo.SerializationDeselialization -->
