<?xml version="1.0" encoding="UTF-8"?>
<!-- Generated by org.testng.reporters.JUnitReportReporter -->
<testsuite hostname="Kuresh" failures="0" tests="1" name="com.testingapi.demo.working.OAuth2" time="2.710" errors="0" timestamp="2024-05-13T21:42:22 IST" skipped="0">
  <testcase classname="com.testingapi.demo.working.OAuth2" name="oAuthCheck" time="2.710"/>
</testsuite> <!-- com.testingapi.demo.working.OAuth2 -->
