<?xml version="1.0" encoding="UTF-8"?>
<!-- Generated by org.testng.reporters.JUnitReportReporter -->
<testsuite hostname="Kuresh" failures="0" tests="1" name="com.testingapi.demo.working.JiraApi" time="3.119" errors="0" timestamp="2024-05-12T16:46:32 IST" skipped="0">
  <testcase classname="com.testingapi.demo.working.JiraApi" name="jiraApilogin" time="3.119"/>
</testsuite> <!-- com.testingapi.demo.working.JiraApi -->
