<?xml version="1.0" encoding="UTF-8"?>
<!-- Generated by org.testng.reporters.JUnitReportReporter -->
<testsuite hostname="Kuresh" failures="0" tests="1" name="com.testingapi.demo.TestingEcom" time="2.482" errors="0" timestamp="2024-07-01T12:04:19 IST" skipped="0">
  <testcase classname="com.testingapi.demo.TestingEcom" name="testingEcom" time="2.482"/>
</testsuite> <!-- com.testingapi.demo.TestingEcom -->
