<?xml version="1.0" encoding="UTF-8"?>
<!-- Generated by org.testng.reporters.JUnitReportReporter -->
<testsuite hostname="Kuresh" failures="0" tests="3" name="com.testingapi.demo.working.TestingDynamicResource" time="3.839" errors="0" timestamp="2024-05-10T16:31:34 IST" skipped="0">
  <testcase classname="com.testingapi.demo.working.TestingDynamicResource" name="dynamictest" time="3.419"/>
  <testcase classname="com.testingapi.demo.working.TestingDynamicResource" name="dynamictest" time="0.224"/>
  <testcase classname="com.testingapi.demo.working.TestingDynamicResource" name="dynamictest" time="0.196"/>
</testsuite> <!-- com.testingapi.demo.working.TestingDynamicResource -->
