<?xml version="1.0" encoding="UTF-8"?>
<!-- Generated by org.testng.reporters.JUnitReportReporter -->
<testsuite hostname="Kuresh" failures="0" tests="1" name="com.testingapi.demo.pojo.Serialization" time="2.365" errors="0" timestamp="2024-05-14T14:59:53 IST" skipped="0">
  <testcase classname="com.testingapi.demo.pojo.Serialization" name="ss" time="2.365"/>
</testsuite> <!-- com.testingapi.demo.pojo.Serialization -->
